#
# A fatal error has been detected by the Java Runtime Environment:
#
#  EXCEPTION_STACK_OVERFLOW (0xc00000fd) at pc=0x00000000614d5077, pid=20256, tid=0x0000000000122f80
#
# JRE version: Java(TM) SE Runtime Environment (8.0_241-b07) (build 1.8.0_241-b07)
# Java VM: Java HotSpot(TM) 64-Bit Server VM (25.241-b07 mixed mode windows-amd64 compressed oops)
# Problematic frame:
# V  [jvm.dll+0x215077]
#
# Failed to write core dump. Minidumps are not enabled by default on client versions of Windows
#
# If you would like to submit a bug report, please visit:
#   http://bugreport.java.com/bugreport/crash.jsp
#

---------------  T H R E A D  ---------------

Current thread (0x0000002243a2d000):  JavaThread "Timer-208777" [_thread_in_vm, id=1191808, stack(0x000000227c400000,0x000000227c500000)]

siginfo: ExceptionCode=0xc00000fd, ExceptionInformation=0x0000000000000001 0x000000227c4f9180 

Registers:
RAX=0x000000227c4f9180, RBX=0x0000000000000007, RCX=0x0000000000006000, RDX=0x0000000000000006
RSP=0x000000227c4ff180, RBP=0x0000000000000000, RSI=0x000000227c4ff180, RDI=0x0000000000000007
R8 =0x0000000000000006, R9 =0x000000224370d480, R10=0x00000000208e2110, R11=0x000000227c40a178
R12=0x000000224370d480, R13=0x0000002243a2d000, R14=0x000000227c4ff248, R15=0x00000000208e2110
RIP=0x00000000614d5077, EFLAGS=0x0000000000010202

Top of Stack: (sp=0x000000227c4ff180)
0x000000227c4ff180:   000073e60c6391c6 00000007c0006c48
0x000000227c4ff190:   0000002243a2d000 000000224370d480
0x000000227c4ff1a0:   00000000ffffffff 00000000614d5fa7
0x000000227c4ff1b0:   000000227c4ff2b0 00000000208e2110
0x000000227c4ff1c0:   0000002243a2d000 00000000613810e3
0x000000227c4ff1d0:   000000227c4ff210 0000002243a2d000
0x000000227c4ff1e0:   000000227c4ff2a0 0000002243a2d000
0x000000227c4ff1f0:   00000000208e2110 0000002243a2d000
0x000000227c4ff200:   0000000002c36e60 0000002243a2d000
0x000000227c4ff210:   00000000208e2110 0000002243a2d000
0x000000227c4ff220:   00000000205fc678 0000002243a2d000
0x000000227c4ff230:   0000000000000001 00000000208e2110
0x000000227c4ff240:   0000002243a2d000 00000022437ccff0
0x000000227c4ff250:   0000002243a2d000 000000006138284d
0x000000227c4ff260:   000000227c4ff568 00000007c0006c48
0x000000227c4ff270:   00000007c0075c28 0000000000000000 

Instructions: (pc=0x00000000614d5077)
0x00000000614d5057:   48 89 6c 24 30 33 ed 66 90 e8 3b 5c 08 00 ff c3
0x00000000614d5067:   48 63 c8 48 8b c6 48 0f af cf 48 ff c7 48 2b c1
0x00000000614d5077:   89 28 48 63 c3 48 3b 05 25 08 5a 00 7e db 48 8b
0x00000000614d5087:   6c 24 30 48 8b 5c 24 38 48 8b 74 24 40 48 83 c4 


Register to memory mapping:

RAX=0x000000227c4f9180 is pointing into the stack for thread: 0x0000002243a2d000
RBX=